[0205/183824.320:ERROR:viz_main_impl.cc(162)] Exiting GPU process due to errors during initialization
[0205/183824.557:ERROR:viz_main_impl.cc(162)] Exiting GPU process due to errors during initialization
[0205/183824.724:ERROR:gpu_init.cc(441)] Passthrough is not supported, GL is disabled
[0205/183955.243:ERROR:viz_main_impl.cc(162)] Exiting GPU process due to errors during initialization
[0205/183955.474:ERROR:viz_main_impl.cc(162)] Exiting GPU process due to errors during initialization
[0205/183955.646:ERROR:gpu_init.cc(441)] Passthrough is not supported, GL is disabled
[0205/183958.692:INFO:CONSOLE(0)] "Custom cursors with size greater than 32x32 DIP intersecting native UI is deprecated and will be removed in M75, around June 2019. See https://www.chromestatus.com/features/5825971391299584 for more details.", source: file:///C:/Users/notun/Documents/GitHub/unboxingvideoreal.github.io/index.html (0)
[0205/184335.353:INFO:CONSOLE(0)] "Custom cursors with size greater than 32x32 DIP intersecting native UI is deprecated and will be removed in M75, around June 2019. See https://www.chromestatus.com/features/5825971391299584 for more details.", source: file:///C:/Users/notun/Documents/GitHub/unboxingvideoreal.github.io/index.html (0)
[0205/190211.582:INFO:CONSOLE(0)] "Custom cursors with size greater than 32x32 DIP intersecting native UI is deprecated and will be removed in M75, around June 2019. See https://www.chromestatus.com/features/5825971391299584 for more details.", source: file:///C:/Users/notun/Documents/GitHub/unboxingvideoreal.github.io/interests.html (0)
[0205/193708.967:INFO:CONSOLE(0)] "Custom cursors with size greater than 32x32 DIP intersecting native UI is deprecated and will be removed in M75, around June 2019. See https://www.chromestatus.com/features/5825971391299584 for more details.", source: file:///C:/Users/notun/Documents/GitHub/unboxingvideoreal.github.io/interests.html (0)
[0205/195427.142:INFO:CONSOLE(0)] "Custom cursors with size greater than 32x32 DIP intersecting native UI is deprecated and will be removed in M75, around June 2019. See https://www.chromestatus.com/features/5825971391299584 for more details.", source: file:///C:/Users/notun/Documents/GitHub/unboxingvideoreal.github.io/interests.html (0)
[0205/195512.975:INFO:CONSOLE(0)] "Custom cursors with size greater than 32x32 DIP intersecting native UI is deprecated and will be removed in M75, around June 2019. See https://www.chromestatus.com/features/5825971391299584 for more details.", source: file:///C:/Users/notun/Documents/GitHub/unboxingvideoreal.github.io/interests.html (0)
[0205/200915.046:INFO:CONSOLE(0)] "Custom cursors with size greater than 32x32 DIP intersecting native UI is deprecated and will be removed in M75, around June 2019. See https://www.chromestatus.com/features/5825971391299584 for more details.", source: file:///C:/Users/notun/Documents/GitHub/unboxingvideoreal.github.io/interests.html (0)
[0205/200926.763:INFO:CONSOLE(0)] "The source list for the Content Security Policy directive 'script-src' contains an invalid source: ''wasm-unsafe-eval''. It will be ignored.", source: https://x.com/UnboxingVideo4/ (0)
[0205/200928.253:INFO:CONSOLE(1)] "Error", source: https://abs.twimg.com/responsive-web/client-web/vendor.a779d8fa.js (1)
[0205/200928.619:INFO:CONSOLE(1)] "The source list for the Content Security Policy directive 'script-src' contains an invalid source: ''wasm-unsafe-eval''. It will be ignored.", source: https://abs.twimg.com/responsive-web/client-web/vendor.a779d8fa.js (1)
[0205/200928.620:INFO:CONSOLE(1)] "The source list for the Content Security Policy directive 'script-src' contains an invalid source: ''wasm-unsafe-eval''. It will be ignored.", source: https://abs.twimg.com/responsive-web/client-web/vendor.a779d8fa.js (1)
[0205/200928.731:INFO:CONSOLE(1)] "The source list for the Content Security Policy directive 'script-src' contains an invalid source: ''wasm-unsafe-eval''. It will be ignored.", source: https://abs.twimg.com/responsive-web/client-web/vendor.a779d8fa.js (1)
[0205/200928.731:INFO:CONSOLE(1)] "The source list for the Content Security Policy directive 'script-src' contains an invalid source: ''wasm-unsafe-eval''. It will be ignored.", source: https://abs.twimg.com/responsive-web/client-web/vendor.a779d8fa.js (1)
[0205/200928.736:INFO:CONSOLE(1)] "The source list for the Content Security Policy directive 'script-src' contains an invalid source: ''wasm-unsafe-eval''. It will be ignored.", source: https://abs.twimg.com/responsive-web/client-web/vendor.a779d8fa.js (1)
[0205/200928.737:INFO:CONSOLE(1)] "The source list for the Content Security Policy directive 'script-src' contains an invalid source: ''wasm-unsafe-eval''. It will be ignored.", source: https://abs.twimg.com/responsive-web/client-web/vendor.a779d8fa.js (1)
[0205/200928.841:INFO:CONSOLE(0)] "The source list for the Content Security Policy directive 'script-src' contains an invalid source: ''wasm-unsafe-eval''. It will be ignored.", source: https://x.com/UnboxingVideo4/ (0)
[0205/200928.902:WARNING:used_ids.h(55)] Duplicate id found. Reassigning from 104 to 127
[0205/200928.902:WARNING:used_ids.h(55)] Duplicate id found. Reassigning from 102 to 125
[0205/200928.902:WARNING:used_ids.h(55)] Duplicate id found. Reassigning from 103 to 124
[0205/200929.592:WARNING:spdy_session.cc(3505)] Received HEADERS for invalid stream 109
[0205/200929.593:WARNING:spdy_session.cc(3505)] Received HEADERS for invalid stream 97
[0205/200929.593:WARNING:spdy_session.cc(3505)] Received HEADERS for invalid stream 101
[0205/200929.593:WARNING:spdy_session.cc(3505)] Received HEADERS for invalid stream 95
[0205/200929.595:WARNING:spdy_session.cc(3505)] Received HEADERS for invalid stream 103
[0205/200929.597:INFO:CONSOLE(0)] "The source list for the Content Security Policy directive 'script-src' contains an invalid source: ''wasm-unsafe-eval''. It will be ignored.", source: https://x.com/UnboxingVideo4/ (0)
[0205/200930.170:INFO:CONSOLE(1)] "Error", source: https://abs.twimg.com/responsive-web/client-web/vendor.a779d8fa.js (1)
[0205/200930.502:INFO:CONSOLE(0)] "The source list for the Content Security Policy directive 'script-src' contains an invalid source: ''wasm-unsafe-eval''. It will be ignored.", source: https://x.com/UnboxingVideo4/ (0)
[0205/200931.791:INFO:CONSOLE(1)] "Error", source: https://abs.twimg.com/responsive-web/client-web/vendor.a779d8fa.js (1)
[0205/200932.164:WARNING:used_ids.h(55)] Duplicate id found. Reassigning from 104 to 127
[0205/200932.164:WARNING:used_ids.h(55)] Duplicate id found. Reassigning from 102 to 125
[0205/200932.164:WARNING:used_ids.h(55)] Duplicate id found. Reassigning from 103 to 124
[0205/200932.171:INFO:CONSOLE(1)] "The source list for the Content Security Policy directive 'script-src' contains an invalid source: ''wasm-unsafe-eval''. It will be ignored.", source: https://abs.twimg.com/responsive-web/client-web/vendor.a779d8fa.js (1)
[0205/200932.172:INFO:CONSOLE(1)] "The source list for the Content Security Policy directive 'script-src' contains an invalid source: ''wasm-unsafe-eval''. It will be ignored.", source: https://abs.twimg.com/responsive-web/client-web/vendor.a779d8fa.js (1)
[0205/200932.266:INFO:CONSOLE(1)] "The source list for the Content Security Policy directive 'script-src' contains an invalid source: ''wasm-unsafe-eval''. It will be ignored.", source: https://abs.twimg.com/responsive-web/client-web/vendor.a779d8fa.js (1)
[0205/200932.266:INFO:CONSOLE(1)] "The source list for the Content Security Policy directive 'script-src' contains an invalid source: ''wasm-unsafe-eval''. It will be ignored.", source: https://abs.twimg.com/responsive-web/client-web/vendor.a779d8fa.js (1)
[0205/200932.271:INFO:CONSOLE(1)] "The source list for the Content Security Policy directive 'script-src' contains an invalid source: ''wasm-unsafe-eval''. It will be ignored.", source: https://abs.twimg.com/responsive-web/client-web/vendor.a779d8fa.js (1)
[0205/200932.273:INFO:CONSOLE(1)] "The source list for the Content Security Policy directive 'script-src' contains an invalid source: ''wasm-unsafe-eval''. It will be ignored.", source: https://abs.twimg.com/responsive-web/client-web/vendor.a779d8fa.js (1)
[0205/200932.368:INFO:CONSOLE(0)] "The source list for the Content Security Policy directive 'script-src' contains an invalid source: ''wasm-unsafe-eval''. It will be ignored.", source: https://x.com/UnboxingVideo4/ (0)
[0205/200932.382:INFO:CONSOLE(1)] "Error", source: https://abs.twimg.com/responsive-web/client-web/vendor.a779d8fa.js (1)
[0205/200933.213:WARNING:webrtc_voice_engine.cc(650)] Attempting to stop aecdump when no audio processing module is present
[0205/200933.312:INFO:CONSOLE(0)] "The source list for the Content Security Policy directive 'script-src' contains an invalid source: ''wasm-unsafe-eval''. It will be ignored.", source: https://x.com/UnboxingVideo4/ (0)
[0205/200933.872:INFO:CONSOLE(1)] "Error", source: https://abs.twimg.com/responsive-web/client-web/vendor.a779d8fa.js (1)
[0205/200934.094:INFO:CONSOLE(0)] "The source list for the Content Security Policy directive 'script-src' contains an invalid source: ''wasm-unsafe-eval''. It will be ignored.", source: https://x.com/UnboxingVideo4/ (0)
[0205/200934.635:INFO:CONSOLE(1)] "Error", source: https://abs.twimg.com/responsive-web/client-web/vendor.a779d8fa.js (1)
[0205/200934.931:INFO:CONSOLE(1)] "The source list for the Content Security Policy directive 'script-src' contains an invalid source: ''wasm-unsafe-eval''. It will be ignored.", source: https://abs.twimg.com/responsive-web/client-web/vendor.a779d8fa.js (1)
[0205/200934.932:INFO:CONSOLE(1)] "The source list for the Content Security Policy directive 'script-src' contains an invalid source: ''wasm-unsafe-eval''. It will be ignored.", source: https://abs.twimg.com/responsive-web/client-web/vendor.a779d8fa.js (1)
[0205/200935.022:INFO:CONSOLE(1)] "The source list for the Content Security Policy directive 'script-src' contains an invalid source: ''wasm-unsafe-eval''. It will be ignored.", source: https://abs.twimg.com/responsive-web/client-web/vendor.a779d8fa.js (1)
[0205/200935.022:INFO:CONSOLE(1)] "The source list for the Content Security Policy directive 'script-src' contains an invalid source: ''wasm-unsafe-eval''. It will be ignored.", source: https://abs.twimg.com/responsive-web/client-web/vendor.a779d8fa.js (1)
[0205/200935.027:INFO:CONSOLE(1)] "The source list for the Content Security Policy directive 'script-src' contains an invalid source: ''wasm-unsafe-eval''. It will be ignored.", source: https://abs.twimg.com/responsive-web/client-web/vendor.a779d8fa.js (1)
[0205/200935.028:INFO:CONSOLE(1)] "The source list for the Content Security Policy directive 'script-src' contains an invalid source: ''wasm-unsafe-eval''. It will be ignored.", source: https://abs.twimg.com/responsive-web/client-web/vendor.a779d8fa.js (1)
[0205/200935.144:WARNING:used_ids.h(55)] Duplicate id found. Reassigning from 104 to 127
[0205/200935.144:WARNING:used_ids.h(55)] Duplicate id found. Reassigning from 102 to 125
[0205/200935.144:WARNING:used_ids.h(55)] Duplicate id found. Reassigning from 103 to 124
[0205/200935.146:INFO:CONSOLE(0)] "The source list for the Content Security Policy directive 'script-src' contains an invalid source: ''wasm-unsafe-eval''. It will be ignored.", source: https://x.com/UnboxingVideo4/ (0)
[0205/200935.155:INFO:CONSOLE(1)] "Error", source: https://abs.twimg.com/responsive-web/client-web/vendor.a779d8fa.js (1)
[0205/200935.330:WARNING:webrtc_voice_engine.cc(650)] Attempting to stop aecdump when no audio processing module is present
[0205/200936.781:INFO:CONSOLE(0)] "The source list for the Content Security Policy directive 'script-src' contains an invalid source: ''wasm-unsafe-eval''. It will be ignored.", source: https://x.com/UnboxingVideo4/ (0)
[0205/200937.401:INFO:CONSOLE(1)] "Error", source: https://abs.twimg.com/responsive-web/client-web/vendor.a779d8fa.js (1)
[0205/200937.616:INFO:CONSOLE(0)] "The source list for the Content Security Policy directive 'script-src' contains an invalid source: ''wasm-unsafe-eval''. It will be ignored.", source: https://x.com/UnboxingVideo4/ (0)
[0205/200938.195:INFO:CONSOLE(1)] "Error", source: https://abs.twimg.com/responsive-web/client-web/vendor.a779d8fa.js (1)
[0205/200938.526:INFO:CONSOLE(1)] "The source list for the Content Security Policy directive 'script-src' contains an invalid source: ''wasm-unsafe-eval''. It will be ignored.", source: https://abs.twimg.com/responsive-web/client-web/vendor.a779d8fa.js (1)
[0205/200938.527:INFO:CONSOLE(1)] "The source list for the Content Security Policy directive 'script-src' contains an invalid source: ''wasm-unsafe-eval''. It will be ignored.", source: https://abs.twimg.com/responsive-web/client-web/vendor.a779d8fa.js (1)
[0205/200938.612:INFO:CONSOLE(1)] "The source list for the Content Security Policy directive 'script-src' contains an invalid source: ''wasm-unsafe-eval''. It will be ignored.", source: https://abs.twimg.com/responsive-web/client-web/vendor.a779d8fa.js (1)
[0205/200938.613:INFO:CONSOLE(1)] "The source list for the Content Security Policy directive 'script-src' contains an invalid source: ''wasm-unsafe-eval''. It will be ignored.", source: https://abs.twimg.com/responsive-web/client-web/vendor.a779d8fa.js (1)
[0205/200938.617:INFO:CONSOLE(1)] "The source list for the Content Security Policy directive 'script-src' contains an invalid source: ''wasm-unsafe-eval''. It will be ignored.", source: https://abs.twimg.com/responsive-web/client-web/vendor.a779d8fa.js (1)
[0205/200938.618:INFO:CONSOLE(1)] "The source list for the Content Security Policy directive 'script-src' contains an invalid source: ''wasm-unsafe-eval''. It will be ignored.", source: https://abs.twimg.com/responsive-web/client-web/vendor.a779d8fa.js (1)
[0205/200938.706:INFO:CONSOLE(0)] "The source list for the Content Security Policy directive 'script-src' contains an invalid source: ''wasm-unsafe-eval''. It will be ignored.", source: https://x.com/UnboxingVideo4/ (0)
[0205/200938.738:WARNING:used_ids.h(55)] Duplicate id found. Reassigning from 104 to 127
[0205/200938.738:WARNING:used_ids.h(55)] Duplicate id found. Reassigning from 102 to 125
[0205/200938.738:WARNING:used_ids.h(55)] Duplicate id found. Reassigning from 103 to 124
[0205/200938.748:INFO:CONSOLE(1)] "Error", source: https://abs.twimg.com/responsive-web/client-web/vendor.a779d8fa.js (1)
[0205/200939.142:WARNING:webrtc_voice_engine.cc(650)] Attempting to stop aecdump when no audio processing module is present
[0205/200946.974:INFO:CONSOLE(0)] "The source list for the Content Security Policy directive 'script-src' contains an invalid source: ''wasm-unsafe-eval''. It will be ignored.", source: https://x.com/UnboxingVideo4/ (0)
[0205/200947.564:INFO:CONSOLE(1)] "Error", source: https://abs.twimg.com/responsive-web/client-web/vendor.a779d8fa.js (1)
[0205/200947.813:INFO:CONSOLE(1)] "The source list for the Content Security Policy directive 'script-src' contains an invalid source: ''wasm-unsafe-eval''. It will be ignored.", source: https://abs.twimg.com/responsive-web/client-web/vendor.a779d8fa.js (1)
[0205/200947.814:INFO:CONSOLE(1)] "The source list for the Content Security Policy directive 'script-src' contains an invalid source: ''wasm-unsafe-eval''. It will be ignored.", source: https://abs.twimg.com/responsive-web/client-web/vendor.a779d8fa.js (1)
[0205/200947.901:INFO:CONSOLE(1)] "The source list for the Content Security Policy directive 'script-src' contains an invalid source: ''wasm-unsafe-eval''. It will be ignored.", source: https://abs.twimg.com/responsive-web/client-web/vendor.a779d8fa.js (1)
[0205/200947.901:INFO:CONSOLE(1)] "The source list for the Content Security Policy directive 'script-src' contains an invalid source: ''wasm-unsafe-eval''. It will be ignored.", source: https://abs.twimg.com/responsive-web/client-web/vendor.a779d8fa.js (1)
[0205/200947.906:INFO:CONSOLE(1)] "The source list for the Content Security Policy directive 'script-src' contains an invalid source: ''wasm-unsafe-eval''. It will be ignored.", source: https://abs.twimg.com/responsive-web/client-web/vendor.a779d8fa.js (1)
[0205/200947.907:INFO:CONSOLE(1)] "The source list for the Content Security Policy directive 'script-src' contains an invalid source: ''wasm-unsafe-eval''. It will be ignored.", source: https://abs.twimg.com/responsive-web/client-web/vendor.a779d8fa.js (1)
[0205/200947.995:INFO:CONSOLE(0)] "The source list for the Content Security Policy directive 'script-src' contains an invalid source: ''wasm-unsafe-eval''. It will be ignored.", source: https://x.com/UnboxingVideo4/ (0)
[0205/200948.022:WARNING:used_ids.h(55)] Duplicate id found. Reassigning from 104 to 127
[0205/200948.022:WARNING:used_ids.h(55)] Duplicate id found. Reassigning from 102 to 125
[0205/200948.022:WARNING:used_ids.h(55)] Duplicate id found. Reassigning from 103 to 124
[0205/200948.033:INFO:CONSOLE(1)] "Error", source: https://abs.twimg.com/responsive-web/client-web/vendor.a779d8fa.js (1)
[0205/200949.914:INFO:CONSOLE(273)] "Unrecognized feature: 'identity-credentials-get'.", source: https://accounts.google.com/gsi/client (273)
[0205/200949.915:INFO:CONSOLE(275)] "The source list for the Content Security Policy directive 'script-src' contains an invalid source: ''wasm-unsafe-eval''. It will be ignored.", source: https://accounts.google.com/gsi/client (275)
[0205/200955.841:WARNING:spdy_session.cc(3505)] Received HEADERS for invalid stream 5
[0205/200955.845:INFO:CONSOLE(0)] "The source list for the Content Security Policy directive 'script-src' contains an invalid source: ''wasm-unsafe-eval''. It will be ignored.", source: https://x.com/UnboxingVideo4/ (0)
[0205/200955.879:WARNING:spdy_session.cc(3505)] Received HEADERS for invalid stream 95
[0205/200956.407:INFO:CONSOLE(1)] "Error", source: https://abs.twimg.com/responsive-web/client-web/vendor.a779d8fa.js (1)
[0205/200956.655:INFO:CONSOLE(1)] "The source list for the Content Security Policy directive 'script-src' contains an invalid source: ''wasm-unsafe-eval''. It will be ignored.", source: https://abs.twimg.com/responsive-web/client-web/vendor.a779d8fa.js (1)
[0205/200956.656:INFO:CONSOLE(1)] "The source list for the Content Security Policy directive 'script-src' contains an invalid source: ''wasm-unsafe-eval''. It will be ignored.", source: https://abs.twimg.com/responsive-web/client-web/vendor.a779d8fa.js (1)
[0205/200956.748:INFO:CONSOLE(1)] "The source list for the Content Security Policy directive 'script-src' contains an invalid source: ''wasm-unsafe-eval''. It will be ignored.", source: https://abs.twimg.com/responsive-web/client-web/vendor.a779d8fa.js (1)
[0205/200956.748:INFO:CONSOLE(1)] "The source list for the Content Security Policy directive 'script-src' contains an invalid source: ''wasm-unsafe-eval''. It will be ignored.", source: https://abs.twimg.com/responsive-web/client-web/vendor.a779d8fa.js (1)
[0205/200956.753:INFO:CONSOLE(1)] "The source list for the Content Security Policy directive 'script-src' contains an invalid source: ''wasm-unsafe-eval''. It will be ignored.", source: https://abs.twimg.com/responsive-web/client-web/vendor.a779d8fa.js (1)
[0205/200956.754:INFO:CONSOLE(1)] "The source list for the Content Security Policy directive 'script-src' contains an invalid source: ''wasm-unsafe-eval''. It will be ignored.", source: https://abs.twimg.com/responsive-web/client-web/vendor.a779d8fa.js (1)
[0205/200956.862:WARNING:used_ids.h(55)] Duplicate id found. Reassigning from 104 to 127
[0205/200956.862:WARNING:used_ids.h(55)] Duplicate id found. Reassigning from 102 to 125
[0205/200956.862:WARNING:used_ids.h(55)] Duplicate id found. Reassigning from 103 to 124
[0205/200956.864:INFO:CONSOLE(0)] "The source list for the Content Security Policy directive 'script-src' contains an invalid source: ''wasm-unsafe-eval''. It will be ignored.", source: https://x.com/UnboxingVideo4/ (0)
[0205/200956.874:INFO:CONSOLE(1)] "Error", source: https://abs.twimg.com/responsive-web/client-web/vendor.a779d8fa.js (1)
[0205/200957.708:INFO:CONSOLE(273)] "Unrecognized feature: 'identity-credentials-get'.", source: https://accounts.google.com/gsi/client (273)
[0205/200957.711:INFO:CONSOLE(275)] "The source list for the Content Security Policy directive 'script-src' contains an invalid source: ''wasm-unsafe-eval''. It will be ignored.", source: https://accounts.google.com/gsi/client (275)
[0205/200958.712:WARNING:spdy_session.cc(3505)] Received HEADERS for invalid stream 117
[0205/200958.922:INFO:CONSOLE(0)] "The source list for the Content Security Policy directive 'script-src' contains an invalid source: ''wasm-unsafe-eval''. It will be ignored.", source: https://x.com/UnboxingVideo4/ (0)
[0205/200959.639:INFO:CONSOLE(1)] "Error", source: https://abs.twimg.com/responsive-web/client-web/vendor.a779d8fa.js (1)
[0205/200959.954:INFO:CONSOLE(1)] "The source list for the Content Security Policy directive 'script-src' contains an invalid source: ''wasm-unsafe-eval''. It will be ignored.", source: https://abs.twimg.com/responsive-web/client-web/vendor.a779d8fa.js (1)
[0205/200959.955:INFO:CONSOLE(1)] "The source list for the Content Security Policy directive 'script-src' contains an invalid source: ''wasm-unsafe-eval''. It will be ignored.", source: https://abs.twimg.com/responsive-web/client-web/vendor.a779d8fa.js (1)
[0205/201000.074:INFO:CONSOLE(1)] "The source list for the Content Security Policy directive 'script-src' contains an invalid source: ''wasm-unsafe-eval''. It will be ignored.", source: https://abs.twimg.com/responsive-web/client-web/vendor.a779d8fa.js (1)
[0205/201000.074:INFO:CONSOLE(1)] "The source list for the Content Security Policy directive 'script-src' contains an invalid source: ''wasm-unsafe-eval''. It will be ignored.", source: https://abs.twimg.com/responsive-web/client-web/vendor.a779d8fa.js (1)
[0205/201000.079:INFO:CONSOLE(1)] "The source list for the Content Security Policy directive 'script-src' contains an invalid source: ''wasm-unsafe-eval''. It will be ignored.", source: https://abs.twimg.com/responsive-web/client-web/vendor.a779d8fa.js (1)
[0205/201000.081:INFO:CONSOLE(1)] "The source list for the Content Security Policy directive 'script-src' contains an invalid source: ''wasm-unsafe-eval''. It will be ignored.", source: https://abs.twimg.com/responsive-web/client-web/vendor.a779d8fa.js (1)
[0205/201000.194:INFO:CONSOLE(0)] "The source list for the Content Security Policy directive 'script-src' contains an invalid source: ''wasm-unsafe-eval''. It will be ignored.", source: https://x.com/UnboxingVideo4/ (0)
[0205/201000.198:INFO:CONSOLE(1)] "Error", source: https://abs.twimg.com/responsive-web/client-web/vendor.a779d8fa.js (1)
[0205/201000.426:WARNING:used_ids.h(55)] Duplicate id found. Reassigning from 104 to 127
[0205/201000.426:WARNING:used_ids.h(55)] Duplicate id found. Reassigning from 102 to 125
[0205/201000.426:WARNING:used_ids.h(55)] Duplicate id found. Reassigning from 103 to 124
[0205/201001.607:INFO:CONSOLE(273)] "Unrecognized feature: 'identity-credentials-get'.", source: https://accounts.google.com/gsi/client (273)
[0205/201001.608:INFO:CONSOLE(275)] "The source list for the Content Security Policy directive 'script-src' contains an invalid source: ''wasm-unsafe-eval''. It will be ignored.", source: https://accounts.google.com/gsi/client (275)
[0205/201001.931:WARNING:spdy_session.cc(3505)] Received HEADERS for invalid stream 135
[0205/201002.233:INFO:CONSOLE(0)] "The source list for the Content Security Policy directive 'script-src' contains an invalid source: ''wasm-unsafe-eval''. It will be ignored.", source: https://x.com/UnboxingVideo4/ (0)
[0205/201003.121:INFO:CONSOLE(1)] "Error", source: https://abs.twimg.com/responsive-web/client-web/vendor.a779d8fa.js (1)
[0205/201003.447:INFO:CONSOLE(1)] "The source list for the Content Security Policy directive 'script-src' contains an invalid source: ''wasm-unsafe-eval''. It will be ignored.", source: https://abs.twimg.com/responsive-web/client-web/vendor.a779d8fa.js (1)
[0205/201003.447:INFO:CONSOLE(1)] "The source list for the Content Security Policy directive 'script-src' contains an invalid source: ''wasm-unsafe-eval''. It will be ignored.", source: https://abs.twimg.com/responsive-web/client-web/vendor.a779d8fa.js (1)
[0205/201003.559:INFO:CONSOLE(1)] "The source list for the Content Security Policy directive 'script-src' contains an invalid source: ''wasm-unsafe-eval''. It will be ignored.", source: https://abs.twimg.com/responsive-web/client-web/vendor.a779d8fa.js (1)
[0205/201003.559:INFO:CONSOLE(1)] "The source list for the Content Security Policy directive 'script-src' contains an invalid source: ''wasm-unsafe-eval''. It will be ignored.", source: https://abs.twimg.com/responsive-web/client-web/vendor.a779d8fa.js (1)
[0205/201003.563:INFO:CONSOLE(1)] "The source list for the Content Security Policy directive 'script-src' contains an invalid source: ''wasm-unsafe-eval''. It will be ignored.", source: https://abs.twimg.com/responsive-web/client-web/vendor.a779d8fa.js (1)
[0205/201003.564:INFO:CONSOLE(1)] "The source list for the Content Security Policy directive 'script-src' contains an invalid source: ''wasm-unsafe-eval''. It will be ignored.", source: https://abs.twimg.com/responsive-web/client-web/vendor.a779d8fa.js (1)
[0205/201003.708:WARNING:used_ids.h(55)] Duplicate id found. Reassigning from 104 to 127
[0205/201003.708:WARNING:used_ids.h(55)] Duplicate id found. Reassigning from 102 to 125
[0205/201003.708:WARNING:used_ids.h(55)] Duplicate id found. Reassigning from 103 to 124
[0205/201003.711:INFO:CONSOLE(0)] "The source list for the Content Security Policy directive 'script-src' contains an invalid source: ''wasm-unsafe-eval''. It will be ignored.", source: https://x.com/UnboxingVideo4/ (0)
[0205/201003.721:INFO:CONSOLE(1)] "Error", source: https://abs.twimg.com/responsive-web/client-web/vendor.a779d8fa.js (1)
[0205/201004.782:INFO:CONSOLE(273)] "Unrecognized feature: 'identity-credentials-get'.", source: https://accounts.google.com/gsi/client (273)
[0205/201004.783:INFO:CONSOLE(275)] "The source list for the Content Security Policy directive 'script-src' contains an invalid source: ''wasm-unsafe-eval''. It will be ignored.", source: https://accounts.google.com/gsi/client (275)
[0205/201005.358:INFO:CONSOLE(0)] "The source list for the Content Security Policy directive 'script-src' contains an invalid source: ''wasm-unsafe-eval''. It will be ignored.", source: https://x.com/UnboxingVideo4/ (0)
[0205/201005.361:WARNING:spdy_session.cc(3505)] Received HEADERS for invalid stream 165
[0205/201006.042:INFO:CONSOLE(1)] "Error", source: https://abs.twimg.com/responsive-web/client-web/vendor.a779d8fa.js (1)
[0205/201006.359:INFO:CONSOLE(0)] "The source list for the Content Security Policy directive 'script-src' contains an invalid source: ''wasm-unsafe-eval''. It will be ignored.", source: https://x.com/UnboxingVideo4/ (0)
[0205/201006.991:INFO:CONSOLE(1)] "Error", source: https://abs.twimg.com/responsive-web/client-web/vendor.a779d8fa.js (1)
[0205/201007.287:WARNING:used_ids.h(55)] Duplicate id found. Reassigning from 104 to 127
[0205/201007.288:WARNING:used_ids.h(55)] Duplicate id found. Reassigning from 102 to 125
[0205/201007.288:WARNING:used_ids.h(55)] Duplicate id found. Reassigning from 103 to 124
[0205/201007.294:INFO:CONSOLE(1)] "The source list for the Content Security Policy directive 'script-src' contains an invalid source: ''wasm-unsafe-eval''. It will be ignored.", source: https://abs.twimg.com/responsive-web/client-web/vendor.a779d8fa.js (1)
[0205/201007.294:INFO:CONSOLE(1)] "The source list for the Content Security Policy directive 'script-src' contains an invalid source: ''wasm-unsafe-eval''. It will be ignored.", source: https://abs.twimg.com/responsive-web/client-web/vendor.a779d8fa.js (1)
[0205/201007.389:INFO:CONSOLE(1)] "The source list for the Content Security Policy directive 'script-src' contains an invalid source: ''wasm-unsafe-eval''. It will be ignored.", source: https://abs.twimg.com/responsive-web/client-web/vendor.a779d8fa.js (1)
[0205/201007.391:INFO:CONSOLE(1)] "The source list for the Content Security Policy directive 'script-src' contains an invalid source: ''wasm-unsafe-eval''. It will be ignored.", source: https://abs.twimg.com/responsive-web/client-web/vendor.a779d8fa.js (1)
[0205/201007.395:INFO:CONSOLE(1)] "The source list for the Content Security Policy directive 'script-src' contains an invalid source: ''wasm-unsafe-eval''. It will be ignored.", source: https://abs.twimg.com/responsive-web/client-web/vendor.a779d8fa.js (1)
[0205/201007.396:INFO:CONSOLE(1)] "The source list for the Content Security Policy directive 'script-src' contains an invalid source: ''wasm-unsafe-eval''. It will be ignored.", source: https://abs.twimg.com/responsive-web/client-web/vendor.a779d8fa.js (1)
[0205/201007.495:INFO:CONSOLE(0)] "The source list for the Content Security Policy directive 'script-src' contains an invalid source: ''wasm-unsafe-eval''. It will be ignored.", source: https://x.com/UnboxingVideo4/ (0)
[0205/201008.251:INFO:CONSOLE(273)] "Unrecognized feature: 'identity-credentials-get'.", source: https://accounts.google.com/gsi/client (273)
[0205/201008.252:INFO:CONSOLE(275)] "The source list for the Content Security Policy directive 'script-src' contains an invalid source: ''wasm-unsafe-eval''. It will be ignored.", source: https://accounts.google.com/gsi/client (275)
[0205/201009.273:WARNING:spdy_session.cc(3505)] Received HEADERS for invalid stream 187
[0205/201009.509:INFO:CONSOLE(0)] "The source list for the Content Security Policy directive 'script-src' contains an invalid source: ''wasm-unsafe-eval''. It will be ignored.", source: https://x.com/UnboxingVideo4/ (0)
[0205/201010.300:INFO:CONSOLE(1)] "Error", source: https://abs.twimg.com/responsive-web/client-web/vendor.a779d8fa.js (1)
[0205/201010.624:INFO:CONSOLE(0)] "The source list for the Content Security Policy directive 'script-src' contains an invalid source: ''wasm-unsafe-eval''. It will be ignored.", source: https://x.com/UnboxingVideo4/ (0)
[0205/201010.792:WARNING:webrtc_voice_engine.cc(650)] Attempting to stop aecdump when no audio processing module is present
[0205/201010.793:WARNING:webrtc_voice_engine.cc(650)] Attempting to stop aecdump when no audio processing module is present
[0205/201010.793:WARNING:webrtc_voice_engine.cc(650)] Attempting to stop aecdump when no audio processing module is present
[0205/201011.332:INFO:CONSOLE(1)] "Error", source: https://abs.twimg.com/responsive-web/client-web/vendor.a779d8fa.js (1)
[0205/201011.653:WARNING:used_ids.h(55)] Duplicate id found. Reassigning from 104 to 127
[0205/201011.653:WARNING:used_ids.h(55)] Duplicate id found. Reassigning from 102 to 125
[0205/201011.653:WARNING:used_ids.h(55)] Duplicate id found. Reassigning from 103 to 124
[0205/201011.658:INFO:CONSOLE(1)] "The source list for the Content Security Policy directive 'script-src' contains an invalid source: ''wasm-unsafe-eval''. It will be ignored.", source: https://abs.twimg.com/responsive-web/client-web/vendor.a779d8fa.js (1)
[0205/201011.658:INFO:CONSOLE(1)] "The source list for the Content Security Policy directive 'script-src' contains an invalid source: ''wasm-unsafe-eval''. It will be ignored.", source: https://abs.twimg.com/responsive-web/client-web/vendor.a779d8fa.js (1)
[0205/201011.758:INFO:CONSOLE(1)] "The source list for the Content Security Policy directive 'script-src' contains an invalid source: ''wasm-unsafe-eval''. It will be ignored.", source: https://abs.twimg.com/responsive-web/client-web/vendor.a779d8fa.js (1)
[0205/201011.759:INFO:CONSOLE(1)] "The source list for the Content Security Policy directive 'script-src' contains an invalid source: ''wasm-unsafe-eval''. It will be ignored.", source: https://abs.twimg.com/responsive-web/client-web/vendor.a779d8fa.js (1)
[0205/201011.764:INFO:CONSOLE(1)] "The source list for the Content Security Policy directive 'script-src' contains an invalid source: ''wasm-unsafe-eval''. It will be ignored.", source: https://abs.twimg.com/responsive-web/client-web/vendor.a779d8fa.js (1)
[0205/201011.765:INFO:CONSOLE(1)] "The source list for the Content Security Policy directive 'script-src' contains an invalid source: ''wasm-unsafe-eval''. It will be ignored.", source: https://abs.twimg.com/responsive-web/client-web/vendor.a779d8fa.js (1)
[0205/201011.874:INFO:CONSOLE(1)] "Error", source: https://abs.twimg.com/responsive-web/client-web/vendor.a779d8fa.js (1)
[0205/201012.041:INFO:CONSOLE(0)] "The source list for the Content Security Policy directive 'script-src' contains an invalid source: ''wasm-unsafe-eval''. It will be ignored.", source: https://x.com/UnboxingVideo4/ (0)
[0205/201012.429:WARNING:webrtc_voice_engine.cc(650)] Attempting to stop aecdump when no audio processing module is present
[0205/201013.040:INFO:CONSOLE(0)] "The source list for the Content Security Policy directive 'script-src' contains an invalid source: ''wasm-unsafe-eval''. It will be ignored.", source: https://x.com/UnboxingVideo4/ (0)
[0205/201013.724:INFO:CONSOLE(1)] "Error", source: https://abs.twimg.com/responsive-web/client-web/vendor.a779d8fa.js (1)
[0205/201013.967:INFO:CONSOLE(0)] "The source list for the Content Security Policy directive 'script-src' contains an invalid source: ''wasm-unsafe-eval''. It will be ignored.", source: https://x.com/UnboxingVideo4/ (0)
[0205/201014.560:INFO:CONSOLE(1)] "Error", source: https://abs.twimg.com/responsive-web/client-web/vendor.a779d8fa.js (1)
[0205/201014.860:WARNING:used_ids.h(55)] Duplicate id found. Reassigning from 104 to 127
[0205/201014.860:WARNING:used_ids.h(55)] Duplicate id found. Reassigning from 102 to 125
[0205/201014.860:WARNING:used_ids.h(55)] Duplicate id found. Reassigning from 103 to 124
[0205/201014.865:INFO:CONSOLE(1)] "The source list for the Content Security Policy directive 'script-src' contains an invalid source: ''wasm-unsafe-eval''. It will be ignored.", source: https://abs.twimg.com/responsive-web/client-web/vendor.a779d8fa.js (1)
[0205/201014.865:INFO:CONSOLE(1)] "The source list for the Content Security Policy directive 'script-src' contains an invalid source: ''wasm-unsafe-eval''. It will be ignored.", source: https://abs.twimg.com/responsive-web/client-web/vendor.a779d8fa.js (1)
[0205/201014.966:INFO:CONSOLE(1)] "The source list for the Content Security Policy directive 'script-src' contains an invalid source: ''wasm-unsafe-eval''. It will be ignored.", source: https://abs.twimg.com/responsive-web/client-web/vendor.a779d8fa.js (1)
[0205/201014.967:INFO:CONSOLE(1)] "The source list for the Content Security Policy directive 'script-src' contains an invalid source: ''wasm-unsafe-eval''. It will be ignored.", source: https://abs.twimg.com/responsive-web/client-web/vendor.a779d8fa.js (1)
[0205/201014.971:INFO:CONSOLE(1)] "The source list for the Content Security Policy directive 'script-src' contains an invalid source: ''wasm-unsafe-eval''. It will be ignored.", source: https://abs.twimg.com/responsive-web/client-web/vendor.a779d8fa.js (1)
[0205/201014.971:INFO:CONSOLE(1)] "The source list for the Content Security Policy directive 'script-src' contains an invalid source: ''wasm-unsafe-eval''. It will be ignored.", source: https://abs.twimg.com/responsive-web/client-web/vendor.a779d8fa.js (1)
[0205/201015.261:INFO:CONSOLE(0)] "The source list for the Content Security Policy directive 'script-src' contains an invalid source: ''wasm-unsafe-eval''. It will be ignored.", source: https://x.com/UnboxingVideo4/ (0)
[0205/201016.202:INFO:CONSOLE(273)] "Unrecognized feature: 'identity-credentials-get'.", source: https://accounts.google.com/gsi/client (273)
[0205/201016.203:INFO:CONSOLE(275)] "The source list for the Content Security Policy directive 'script-src' contains an invalid source: ''wasm-unsafe-eval''. It will be ignored.", source: https://accounts.google.com/gsi/client (275)
[0205/201016.845:WARNING:webrtc_voice_engine.cc(650)] Attempting to stop aecdump when no audio processing module is present
[0205/201017.649:WARNING:spdy_session.cc(3505)] Received HEADERS for invalid stream 229
[0205/201017.845:INFO:CONSOLE(0)] "The source list for the Content Security Policy directive 'script-src' contains an invalid source: ''wasm-unsafe-eval''. It will be ignored.", source: https://x.com/UnboxingVideo4/ (0)
[0205/201018.576:INFO:CONSOLE(1)] "Error", source: https://abs.twimg.com/responsive-web/client-web/vendor.a779d8fa.js (1)
[0205/201018.898:WARNING:used_ids.h(55)] Duplicate id found. Reassigning from 104 to 127
[0205/201018.898:WARNING:used_ids.h(55)] Duplicate id found. Reassigning from 102 to 125
[0205/201018.898:WARNING:used_ids.h(55)] Duplicate id found. Reassigning from 103 to 124
[0205/201018.911:INFO:CONSOLE(1)] "The source list for the Content Security Policy directive 'script-src' contains an invalid source: ''wasm-unsafe-eval''. It will be ignored.", source: https://abs.twimg.com/responsive-web/client-web/vendor.a779d8fa.js (1)
[0205/201018.912:INFO:CONSOLE(1)] "The source list for the Content Security Policy directive 'script-src' contains an invalid source: ''wasm-unsafe-eval''. It will be ignored.", source: https://abs.twimg.com/responsive-web/client-web/vendor.a779d8fa.js (1)
[0205/201019.029:INFO:CONSOLE(1)] "The source list for the Content Security Policy directive 'script-src' contains an invalid source: ''wasm-unsafe-eval''. It will be ignored.", source: https://abs.twimg.com/responsive-web/client-web/vendor.a779d8fa.js (1)
[0205/201019.029:INFO:CONSOLE(1)] "The source list for the Content Security Policy directive 'script-src' contains an invalid source: ''wasm-unsafe-eval''. It will be ignored.", source: https://abs.twimg.com/responsive-web/client-web/vendor.a779d8fa.js (1)
[0205/201019.034:INFO:CONSOLE(1)] "The source list for the Content Security Policy directive 'script-src' contains an invalid source: ''wasm-unsafe-eval''. It will be ignored.", source: https://abs.twimg.com/responsive-web/client-web/vendor.a779d8fa.js (1)
[0205/201019.035:INFO:CONSOLE(1)] "The source list for the Content Security Policy directive 'script-src' contains an invalid source: ''wasm-unsafe-eval''. It will be ignored.", source: https://abs.twimg.com/responsive-web/client-web/vendor.a779d8fa.js (1)
[0205/201019.145:INFO:CONSOLE(0)] "The source list for the Content Security Policy directive 'script-src' contains an invalid source: ''wasm-unsafe-eval''. It will be ignored.", source: https://x.com/UnboxingVideo4/ (0)
[0205/201019.148:INFO:CONSOLE(1)] "Error", source: https://abs.twimg.com/responsive-web/client-web/vendor.a779d8fa.js (1)
[0205/201020.377:INFO:CONSOLE(273)] "Unrecognized feature: 'identity-credentials-get'.", source: https://accounts.google.com/gsi/client (273)
[0205/201020.379:INFO:CONSOLE(275)] "The source list for the Content Security Policy directive 'script-src' contains an invalid source: ''wasm-unsafe-eval''. It will be ignored.", source: https://accounts.google.com/gsi/client (275)
[0205/201022.033:WARNING:webrtc_voice_engine.cc(650)] Attempting to stop aecdump when no audio processing module is present
[0205/201022.051:WARNING:webrtc_voice_engine.cc(650)] Attempting to stop aecdump when no audio processing module is present
[0205/201022.086:WARNING:webrtc_voice_engine.cc(650)] Attempting to stop aecdump when no audio processing module is present
[0205/201023.326:WARNING:spdy_session.cc(3505)] Received HEADERS for invalid stream 9
[0205/201037.901:INFO:CONSOLE(275)] "The source list for the Content Security Policy directive 'script-src' contains an invalid source: ''wasm-unsafe-eval''. It will be ignored.", source: https://accounts.google.com/gsi/client (275)
[0207/233529.679:ERROR:viz_main_impl.cc(162)] Exiting GPU process due to errors during initialization
[0207/233530.835:ERROR:viz_main_impl.cc(162)] Exiting GPU process due to errors during initialization
[0207/233531.826:ERROR:gpu_init.cc(441)] Passthrough is not supported, GL is disabled
[0207/233740.822:INFO:CONSOLE(3)] "Fetch API cannot load file:///C:/Users/notun/Documents/GitHub/unboxingvideoreal.github.io/recent.html. URL scheme "file" is not supported.", source: file:///C:/Users/notun/Documents/GitHub/unboxingvideoreal.github.io/script.js (3)
[0207/233740.863:INFO:CONSOLE(3)] "Uncaught (in promise) TypeError: Failed to fetch", source: file:///C:/Users/notun/Documents/GitHub/unboxingvideoreal.github.io/script.js (3)
[0207/233804.011:INFO:CONSOLE(3)] "Fetch API cannot load file:///C:/Users/notun/Documents/GitHub/unboxingvideoreal.github.io/recent.html. URL scheme "file" is not supported.", source: file:///C:/Users/notun/Documents/GitHub/unboxingvideoreal.github.io/script.js (3)
[0207/233804.048:INFO:CONSOLE(3)] "Uncaught (in promise) TypeError: Failed to fetch", source: file:///C:/Users/notun/Documents/GitHub/unboxingvideoreal.github.io/script.js (3)
[0207/233804.084:INFO:CONSOLE(3)] "Fetch API cannot load file:///C:/Users/notun/Documents/GitHub/unboxingvideoreal.github.io/recent.html. URL scheme "file" is not supported.", source: file:///C:/Users/notun/Documents/GitHub/unboxingvideoreal.github.io/script.js (3)
[0207/233804.090:INFO:CONSOLE(3)] "Uncaught (in promise) TypeError: Failed to fetch", source: file:///C:/Users/notun/Documents/GitHub/unboxingvideoreal.github.io/script.js (3)
[0207/233815.187:INFO:CONSOLE(3)] "Fetch API cannot load file:///C:/Users/notun/Documents/GitHub/unboxingvideoreal.github.io/recent.html. URL scheme "file" is not supported.", source: file:///C:/Users/notun/Documents/GitHub/unboxingvideoreal.github.io/script.js (3)
[0207/233815.188:INFO:CONSOLE(3)] "Uncaught (in promise) TypeError: Failed to fetch", source: file:///C:/Users/notun/Documents/GitHub/unboxingvideoreal.github.io/script.js (3)
[0207/233902.304:INFO:CONSOLE(3)] "Fetch API cannot load file:///C:/Users/notun/Documents/GitHub/unboxingvideoreal.github.io/recent.html. URL scheme "file" is not supported.", source: file:///C:/Users/notun/Documents/GitHub/unboxingvideoreal.github.io/script.js (3)
[0207/233902.306:INFO:CONSOLE(3)] "Uncaught (in promise) TypeError: Failed to fetch", source: file:///C:/Users/notun/Documents/GitHub/unboxingvideoreal.github.io/script.js (3)
[0207/233918.914:INFO:CONSOLE(3)] "Fetch API cannot load file:///C:/Users/notun/Documents/GitHub/unboxingvideoreal.github.io/recent.html. URL scheme "file" is not supported.", source: file:///C:/Users/notun/Documents/GitHub/unboxingvideoreal.github.io/script.js (3)
[0207/233918.946:INFO:CONSOLE(3)] "Uncaught (in promise) TypeError: Failed to fetch", source: file:///C:/Users/notun/Documents/GitHub/unboxingvideoreal.github.io/script.js (3)
[0207/234022.497:INFO:CONSOLE(3)] "Fetch API cannot load file:///C:/Users/notun/Documents/GitHub/unboxingvideoreal.github.io/recent.html. URL scheme "file" is not supported.", source: file:///C:/Users/notun/Documents/GitHub/unboxingvideoreal.github.io/script.js (3)
[0207/234022.532:INFO:CONSOLE(3)] "Uncaught (in promise) TypeError: Failed to fetch", source: file:///C:/Users/notun/Documents/GitHub/unboxingvideoreal.github.io/script.js (3)
[0207/234112.956:INFO:CONSOLE(3)] "Fetch API cannot load file:///C:/Users/notun/Documents/GitHub/unboxingvideoreal.github.io/recent.html. URL scheme "file" is not supported.", source: file:///C:/Users/notun/Documents/GitHub/unboxingvideoreal.github.io/script.js (3)
[0207/234112.960:INFO:CONSOLE(3)] "Uncaught (in promise) TypeError: Failed to fetch", source: file:///C:/Users/notun/Documents/GitHub/unboxingvideoreal.github.io/script.js (3)
[0207/234126.736:INFO:CONSOLE(3)] "Fetch API cannot load file:///C:/Users/notun/Documents/GitHub/unboxingvideoreal.github.io/recent.html. URL scheme "file" is not supported.", source: file:///C:/Users/notun/Documents/GitHub/unboxingvideoreal.github.io/script.js (3)
[0207/234126.744:INFO:CONSOLE(3)] "Uncaught (in promise) TypeError: Failed to fetch", source: file:///C:/Users/notun/Documents/GitHub/unboxingvideoreal.github.io/script.js (3)
[0207/234151.878:INFO:CONSOLE(3)] "Fetch API cannot load file:///C:/Users/notun/Documents/GitHub/unboxingvideoreal.github.io/recent.html. URL scheme "file" is not supported.", source: file:///C:/Users/notun/Documents/GitHub/unboxingvideoreal.github.io/script.js (3)
[0207/234151.911:INFO:CONSOLE(3)] "Uncaught (in promise) TypeError: Failed to fetch", source: file:///C:/Users/notun/Documents/GitHub/unboxingvideoreal.github.io/script.js (3)
[0207/234310.204:INFO:CONSOLE(3)] "Fetch API cannot load file:///C:/Users/notun/Documents/GitHub/unboxingvideoreal.github.io/recent.html. URL scheme "file" is not supported.", source: file:///C:/Users/notun/Documents/GitHub/unboxingvideoreal.github.io/script.js (3)
[0207/234310.206:INFO:CONSOLE(3)] "Uncaught (in promise) TypeError: Failed to fetch", source: file:///C:/Users/notun/Documents/GitHub/unboxingvideoreal.github.io/script.js (3)
[0207/234310.321:INFO:CONSOLE(3)] "Fetch API cannot load file:///C:/Users/notun/Documents/GitHub/unboxingvideoreal.github.io/recent.html. URL scheme "file" is not supported.", source: file:///C:/Users/notun/Documents/GitHub/unboxingvideoreal.github.io/script.js (3)
[0207/234310.352:INFO:CONSOLE(3)] "Uncaught (in promise) TypeError: Failed to fetch", source: file:///C:/Users/notun/Documents/GitHub/unboxingvideoreal.github.io/script.js (3)
[0207/234331.114:INFO:CONSOLE(3)] "Fetch API cannot load file:///C:/Users/notun/Documents/GitHub/unboxingvideoreal.github.io/recent.html. URL scheme "file" is not supported.", source: file:///C:/Users/notun/Documents/GitHub/unboxingvideoreal.github.io/script.js (3)
[0207/234331.116:INFO:CONSOLE(3)] "Uncaught (in promise) TypeError: Failed to fetch", source: file:///C:/Users/notun/Documents/GitHub/unboxingvideoreal.github.io/script.js (3)
[0207/234346.442:INFO:CONSOLE(3)] "Fetch API cannot load file:///C:/Users/notun/Documents/GitHub/unboxingvideoreal.github.io/recent.html. URL scheme "file" is not supported.", source: file:///C:/Users/notun/Documents/GitHub/unboxingvideoreal.github.io/script.js (3)
[0207/234346.486:INFO:CONSOLE(3)] "Uncaught (in promise) TypeError: Failed to fetch", source: file:///C:/Users/notun/Documents/GitHub/unboxingvideoreal.github.io/script.js (3)
[0207/234346.516:INFO:CONSOLE(3)] "Fetch API cannot load file:///C:/Users/notun/Documents/GitHub/unboxingvideoreal.github.io/recent.html. URL scheme "file" is not supported.", source: file:///C:/Users/notun/Documents/GitHub/unboxingvideoreal.github.io/script.js (3)
[0207/234346.517:INFO:CONSOLE(3)] "Uncaught (in promise) TypeError: Failed to fetch", source: file:///C:/Users/notun/Documents/GitHub/unboxingvideoreal.github.io/script.js (3)
[0207/234548.202:INFO:CONSOLE(3)] "Fetch API cannot load file:///C:/Users/notun/Documents/GitHub/unboxingvideoreal.github.io/recent.html. URL scheme "file" is not supported.", source: file:///C:/Users/notun/Documents/GitHub/unboxingvideoreal.github.io/script.js (3)
[0207/234548.205:INFO:CONSOLE(3)] "Uncaught (in promise) TypeError: Failed to fetch", source: file:///C:/Users/notun/Documents/GitHub/unboxingvideoreal.github.io/script.js (3)
[0207/234602.083:INFO:CONSOLE(3)] "Fetch API cannot load file:///C:/Users/notun/Documents/GitHub/unboxingvideoreal.github.io/recent.html. URL scheme "file" is not supported.", source: file:///C:/Users/notun/Documents/GitHub/unboxingvideoreal.github.io/script.js (3)
[0207/234602.086:INFO:CONSOLE(3)] "Uncaught (in promise) TypeError: Failed to fetch", source: file:///C:/Users/notun/Documents/GitHub/unboxingvideoreal.github.io/script.js (3)
[0207/234628.659:INFO:CONSOLE(3)] "Fetch API cannot load file:///C:/Users/notun/Documents/GitHub/unboxingvideoreal.github.io/recent.html. URL scheme "file" is not supported.", source: file:///C:/Users/notun/Documents/GitHub/unboxingvideoreal.github.io/script.js (3)
[0207/234628.726:INFO:CONSOLE(3)] "Uncaught (in promise) TypeError: Failed to fetch", source: file:///C:/Users/notun/Documents/GitHub/unboxingvideoreal.github.io/script.js (3)
[0207/234737.428:INFO:CONSOLE(3)] "Fetch API cannot load file:///C:/Users/notun/Documents/GitHub/unboxingvideoreal.github.io/recent.html. URL scheme "file" is not supported.", source: file:///C:/Users/notun/Documents/GitHub/unboxingvideoreal.github.io/script.js (3)
[0207/234737.430:INFO:CONSOLE(3)] "Uncaught (in promise) TypeError: Failed to fetch", source: file:///C:/Users/notun/Documents/GitHub/unboxingvideoreal.github.io/script.js (3)
